<?xml version="1.0" encoding="UTF-8"?>
<testng-results skipped="0" failed="0" ignored="0" total="1" passed="1">
  <reporter-output>
  </reporter-output>
  <suite name="Default suite" duration-ms="169560" started-at="2020-05-21T12:32:11Z" finished-at="2020-05-21T12:35:00Z">
    <groups>
    </groups>
    <test name="Default test" duration-ms="169560" started-at="2020-05-21T12:32:11Z" finished-at="2020-05-21T12:35:00Z">
      <class name="com.qa.sf.keyword.tests.LoginTest">
        <test-method status="PASS" signature="loginTest()[pri:0, instance:com.qa.sf.keyword.tests.LoginTest@61832929]" name="loginTest" duration-ms="169506" started-at="2020-05-21T12:32:11Z" finished-at="2020-05-21T12:35:00Z">
          <reporter-output>
          </reporter-output>
        </test-method> <!-- loginTest -->
      </class> <!-- com.qa.sf.keyword.tests.LoginTest -->
    </test> <!-- Default test -->
  </suite> <!-- Default suite -->
</testng-results>
